[debug] [2022-06-13T20:13:30.255Z] ----------------------------------------------------------------------
[debug] [2022-06-13T20:13:30.258Z] Command:       C:\Program Files\nodejs\node.exe C:\Users\Umang\AppData\Roaming\npm\node_modules\firebase-tools\lib\bin\firebase.js init
[debug] [2022-06-13T20:13:30.259Z] CLI Version:   11.0.1
[debug] [2022-06-13T20:13:30.259Z] Platform:      win32
[debug] [2022-06-13T20:13:30.259Z] Node Version:  v16.14.0
[debug] [2022-06-13T20:13:30.260Z] Time:          Mon Jun 13 2022 16:13:30 GMT-0400 (Eastern Daylight Time)
[debug] [2022-06-13T20:13:30.261Z] ----------------------------------------------------------------------
[debug] 
[debug] [2022-06-13T20:13:30.282Z] > command requires scopes: ["email","openid","https://www.googleapis.com/auth/cloudplatformprojects.readonly","https://www.googleapis.com/auth/firebase","https://www.googleapis.com/auth/cloud-platform"]
[debug] [2022-06-13T20:13:30.290Z] > authorizing via signed-in user (umangpoudyal@gmail.com)
[info] 
     ######## #### ########  ######## ########     ###     ######  ########
     ##        ##  ##     ## ##       ##     ##  ##   ##  ##       ##
     ######    ##  ########  ######   ########  #########  ######  ######
     ##        ##  ##    ##  ##       ##     ## ##     ##       ## ##
     ##       #### ##     ## ######## ########  ##     ##  ######  ########

You're about to initialize a Firebase project in this directory:

  C:\Users\Umang\Documents\VSC\Airbnb

[info] 
=== Project Setup
[info] 
[info] First, let's associate this project directory with a Firebase project.
[info] You can create multiple project aliases by running firebase use --add, 
[info] but for now we'll just set up a default project.
[info] 
[info] i  If you want to create a project in a Google Cloud organization or folder, please use "firebase projects:create" instead, and return to this command when you've created the project. 
[debug] [2022-06-13T20:15:29.892Z] >>> [apiv2][query] POST https://cloudresourcemanager.googleapis.com/v1/projects [none]
[debug] [2022-06-13T20:15:29.892Z] >>> [apiv2][body] POST https://cloudresourcemanager.googleapis.com/v1/projects {"projectId":"airbnb","name":"airbnb"}
[debug] [2022-06-13T20:15:30.273Z] <<< [apiv2][status] POST https://cloudresourcemanager.googleapis.com/v1/projects 409
[debug] [2022-06-13T20:15:30.273Z] <<< [apiv2][body] POST https://cloudresourcemanager.googleapis.com/v1/projects {"error":{"code":409,"message":"Requested entity already exists","status":"ALREADY_EXISTS"}}
[debug] [2022-06-13T20:15:30.446Z] FirebaseError: HTTP Error: 409, Requested entity already exists
    at module.exports (C:\Users\Umang\AppData\Roaming\npm\node_modules\firebase-tools\lib\responseToError.js:47:12)
    at RetryOperation._fn (C:\Users\Umang\AppData\Roaming\npm\node_modules\firebase-tools\lib\apiv2.js:286:39)
    at processTicksAndRejections (node:internal/process/task_queues:96:5)
[error] 
[error] Error: Failed to create project because there is already a project with ID airbnb. Please try again with a unique project ID.
[debug] [2022-06-13T20:15:43.759Z] ----------------------------------------------------------------------
[debug] [2022-06-13T20:15:43.762Z] Command:       C:\Program Files\nodejs\node.exe C:\Users\Umang\AppData\Roaming\npm\node_modules\firebase-tools\lib\bin\firebase.js init
[debug] [2022-06-13T20:15:43.763Z] CLI Version:   11.0.1
[debug] [2022-06-13T20:15:43.763Z] Platform:      win32
[debug] [2022-06-13T20:15:43.763Z] Node Version:  v16.14.0
[debug] [2022-06-13T20:15:43.765Z] Time:          Mon Jun 13 2022 16:15:43 GMT-0400 (Eastern Daylight Time)
[debug] [2022-06-13T20:15:43.765Z] ----------------------------------------------------------------------
[debug] 
[debug] [2022-06-13T20:15:43.778Z] > command requires scopes: ["email","openid","https://www.googleapis.com/auth/cloudplatformprojects.readonly","https://www.googleapis.com/auth/firebase","https://www.googleapis.com/auth/cloud-platform"]
[debug] [2022-06-13T20:15:43.779Z] > authorizing via signed-in user (umangpoudyal@gmail.com)
[info] 
     ######## #### ########  ######## ########     ###     ######  ########
     ##        ##  ##     ## ##       ##     ##  ##   ##  ##       ##
     ######    ##  ########  ######   ########  #########  ######  ######
     ##        ##  ##    ##  ##       ##     ## ##     ##       ## ##
     ##       #### ##     ## ######## ########  ##     ##  ######  ########

You're about to initialize a Firebase project in this directory:

  C:\Users\Umang\Documents\VSC\Airbnb

[info] 
=== Project Setup
[info] 
[info] First, let's associate this project directory with a Firebase project.
[info] You can create multiple project aliases by running firebase use --add, 
[info] but for now we'll just set up a default project.
[info] 
[debug] [2022-06-13T20:15:52.780Z] >>> [apiv2][query] GET https://firebase.googleapis.com/v1beta1/projects pageSize=100
[debug] [2022-06-13T20:15:53.304Z] <<< [apiv2][status] GET https://firebase.googleapis.com/v1beta1/projects 200
[debug] [2022-06-13T20:15:53.304Z] <<< [apiv2][body] GET https://firebase.googleapis.com/v1beta1/projects [omitted]
[debug] [2022-06-13T20:16:10.802Z] ----------------------------------------------------------------------
[debug] [2022-06-13T20:16:10.805Z] Command:       C:\Program Files\nodejs\node.exe C:\Users\Umang\AppData\Roaming\npm\node_modules\firebase-tools\lib\bin\firebase.js init
[debug] [2022-06-13T20:16:10.806Z] CLI Version:   11.0.1
[debug] [2022-06-13T20:16:10.806Z] Platform:      win32
[debug] [2022-06-13T20:16:10.806Z] Node Version:  v16.14.0
[debug] [2022-06-13T20:16:10.807Z] Time:          Mon Jun 13 2022 16:16:10 GMT-0400 (Eastern Daylight Time)
[debug] [2022-06-13T20:16:10.808Z] ----------------------------------------------------------------------
[debug] 
[debug] [2022-06-13T20:16:10.819Z] > command requires scopes: ["email","openid","https://www.googleapis.com/auth/cloudplatformprojects.readonly","https://www.googleapis.com/auth/firebase","https://www.googleapis.com/auth/cloud-platform"]
[debug] [2022-06-13T20:16:10.820Z] > authorizing via signed-in user (umangpoudyal@gmail.com)
[info] 
     ######## #### ########  ######## ########     ###     ######  ########
     ##        ##  ##     ## ##       ##     ##  ##   ##  ##       ##
     ######    ##  ########  ######   ########  #########  ######  ######
     ##        ##  ##    ##  ##       ##     ## ##     ##       ## ##
     ##       #### ##     ## ######## ########  ##     ##  ######  ########

You're about to initialize a Firebase project in this directory:

  C:\Users\Umang\Documents\VSC\Airbnb

[info] 
=== Project Setup
[info] 
[info] First, let's associate this project directory with a Firebase project.
[info] You can create multiple project aliases by running firebase use --add, 
[info] but for now we'll just set up a default project.
[info] 
[info] i  If you want to create a project in a Google Cloud organization or folder, please use "firebase projects:create" instead, and return to this command when you've created the project. 
[debug] [2022-06-13T20:16:38.348Z] >>> [apiv2][query] POST https://cloudresourcemanager.googleapis.com/v1/projects [none]
[debug] [2022-06-13T20:16:38.349Z] >>> [apiv2][body] POST https://cloudresourcemanager.googleapis.com/v1/projects {"projectId":"123456789","name":"airbnb"}
[debug] [2022-06-13T20:16:38.654Z] <<< [apiv2][status] POST https://cloudresourcemanager.googleapis.com/v1/projects 400
[debug] [2022-06-13T20:16:38.654Z] <<< [apiv2][body] POST https://cloudresourcemanager.googleapis.com/v1/projects {"error":{"code":400,"message":"field [project_id] has issue [project_id contains invalid characters]","status":"INVALID_ARGUMENT","details":[{"@type":"type.googleapis.com/google.rpc.BadRequest","fieldViolations":[{"field":"project_id","description":"project_id contains invalid characters"}]},{"@type":"type.googleapis.com/google.rpc.Help","links":[{"url":"https://cloud.google.com/resource-manager/reference/rest/v1/projects"}]}]}}
[debug] [2022-06-13T20:16:38.785Z] FirebaseError: HTTP Error: 400, field [project_id] has issue [project_id contains invalid characters]
    at module.exports (C:\Users\Umang\AppData\Roaming\npm\node_modules\firebase-tools\lib\responseToError.js:47:12)
    at RetryOperation._fn (C:\Users\Umang\AppData\Roaming\npm\node_modules\firebase-tools\lib\apiv2.js:286:39)
    at processTicksAndRejections (node:internal/process/task_queues:96:5)
[error] 
[error] Error: Failed to create project. See firebase-debug.log for more info.
